<?xml version="1.0" encoding="UTF-8"?>
<testng-results skipped="0" failed="0" ignored="0" total="1" passed="1">
  <reporter-output>
  </reporter-output>
  <suite name="Default suite" duration-ms="123930" started-at="2020-05-08T22:45:14Z" finished-at="2020-05-08T22:47:18Z">
    <groups>
    </groups>
    <test name="Default test" duration-ms="123930" started-at="2020-05-08T22:45:14Z" finished-at="2020-05-08T22:47:18Z">
      <class name="testscripts.Product">
        <test-method status="PASS" signature="beforeMethod()[pri:0, instance:testscripts.Product@12f41634]" name="beforeMethod" is-config="true" duration-ms="71732" started-at="2020-05-08T22:45:14Z" finished-at="2020-05-08T22:46:26Z">
          <reporter-output>
          </reporter-output>
        </test-method> <!-- beforeMethod -->
        <test-method status="PASS" signature="VerifyAddProduct()[pri:0, instance:testscripts.Product@12f41634]" name="VerifyAddProduct" duration-ms="48682" started-at="2020-05-08T22:46:26Z" finished-at="2020-05-08T22:47:14Z">
          <reporter-output>
          </reporter-output>
        </test-method> <!-- VerifyAddProduct -->
        <test-method status="PASS" signature="closeBrowser()[pri:0, instance:testscripts.Product@12f41634]" name="closeBrowser" is-config="true" duration-ms="3454" started-at="2020-05-08T22:47:14Z" finished-at="2020-05-08T22:47:18Z">
          <reporter-output>
          </reporter-output>
        </test-method> <!-- closeBrowser -->
      </class> <!-- testscripts.Product -->
    </test> <!-- Default test -->
  </suite> <!-- Default suite -->
</testng-results>
